<?xml version="1.0" encoding="UTF-8"?>
<!-- Generated by org.testng.reporters.JUnitReportReporter -->
<testsuite hostname="DESKTOP-TPG8T40" failures="0" tests="3" name="LoginRegisterServletFunctionalTest" time="2.185" errors="0" timestamp="2022-02-25T00:10:12 SGT" skipped="0">
  <testcase classname="LoginRegisterServletFunctionalTest" name="Logout" time="0.203"/>
  <system-out/>
  <testcase classname="LoginRegisterServletFunctionalTest" name="LoginUser" time="1.425"/>
  <system-out/>
  <testcase classname="LoginRegisterServletFunctionalTest" name="RegisterUser" time="0.557"/>
  <system-out/>
</testsuite> <!-- LoginRegisterServletFunctionalTest -->
